{
  "timestamp": "2025-11-24T00:00:00.000Z",
  "status": "SUCCESS",
  "productsImported": 12,
  "category": "Class II Forks",
  "finish": "Full Tapered and Polished",
  "pricingFormula": "(dealer_price_per_fork × 2) × 1.40",
  "totalDealerCostPairs": 6580,
  "totalRetailValue": 9212,
  "grossMargin": 2632,
  "marginPercentage": "40%",
  "products": [
    {"internalSku": "FEE-F2-029", "vendorSku": "FORK-4080", "name": "CLASS II FORK (1 1/2X4X42 FTP)", "dealerPerFork": 220, "dealerPair": 440, "retailPrice": 616.00},
    {"internalSku": "FEE-F2-030", "vendorSku": "FORK-4082", "name": "CLASS II FORK (1 1/2X4X48 FTP)", "dealerPerFork": 240, "dealerPair": 480, "retailPrice": 672.00},
    {"internalSku": "FEE-F2-031", "vendorSku": "FORK-4092", "name": "CLASS II FORK (1 3/4X4X42 FTP)", "dealerPerFork": 270, "dealerPair": 540, "retailPrice": 756.00},
    {"internalSku": "FEE-F2-032", "vendorSku": "FORK-4094", "name": "CLASS II FORK (1 3/4X4X48 FTP)", "dealerPerFork": 290, "dealerPair": 580, "retailPrice": 812.00},
    {"internalSku": "FEE-F2-033", "vendorSku": "FORK-4098", "name": "CLASS II FORK (1 3/4X4X60 FTP)", "dealerPerFork": 300, "dealerPair": 600, "retailPrice": 840.00},
    {"internalSku": "FEE-F2-034", "vendorSku": "FORK-4104", "name": "CLASS II FORK (1 1/2X5X42 FTP)", "dealerPerFork": 275, "dealerPair": 550, "retailPrice": 770.00},
    {"internalSku": "FEE-F2-035", "vendorSku": "FORK-4106", "name": "CLASS II FORK (1 1/2X5X48 FTP)", "dealerPerFork": 280, "dealerPair": 560, "retailPrice": 784.00},
    {"internalSku": "FEE-F2-036", "vendorSku": "FORK-4116", "name": "CLASS II FORK (1 3/4X5X42 FTP)", "dealerPerFork": 295, "dealerPair": 590, "retailPrice": 826.00},
    {"internalSku": "FEE-F2-037", "vendorSku": "FORK-4118", "name": "CLASS II FORK (1 3/4X5X48 FTP)", "dealerPerFork": 295, "dealerPair": 590, "retailPrice": 826.00},
    {"internalSku": "FEE-F2-038", "vendorSku": "FORK-4120", "name": "CLASS II FORK (1 3/4X5X54 FTP)", "dealerPerFork": 325, "dealerPair": 650, "retailPrice": 910.00},
    {"internalSku": "FEE-F2-039", "vendorSku": "FORK-4122", "name": "CLASS II FORK (1 3/4X5X60 FTP)", "dealerPerFork": 325, "dealerPair": 650, "retailPrice": 910.00},
    {"internalSku": "FEE-F2-040", "vendorSku": "FORK-4124", "name": "CLASS II FORK (1 3/4X5X72 FTP)", "dealerPerFork": 375, "dealerPair": 750, "retailPrice": 1050.00}
  ],
  "notes": "Full Tapered and Polished forks differentiated in metadata->specifications->finish field. Same category as Standard Tapered for unified filtering."
}

