{
  "timestamp": "2025-11-24T00:00:00.000Z",
  "status": "SUCCESS",
  "productsImported": 28,
  "category": "Class II Forks",
  "pricingFormula": "(dealer_price_per_fork × 2) × 1.40",
  "totalDealerCostPairs": 13020,
  "totalRetailValue": 18228,
  "grossMargin": 5208,
  "examples": [
    {"internalSku": "FEE-F2-001", "vendorSku": "FORK-4020", "name": "CLASS II FORK (1 1/2X4X32)", "pricePerFork": 145, "pairDealerCost": 290, "retailPrice": 406},
    {"internalSku": "FEE-F2-014", "vendorSku": "FORK-4046", "name": "CLASS II FORK (1 3/4X4X84)", "pricePerFork": 285, "pairDealerCost": 570, "retailPrice": 798},
    {"internalSku": "FEE-F2-028", "vendorSku": "FORK-4076", "name": "CLASS II FORK (1 3/4X5X96)", "pricePerFork": 393, "pairDealerCost": 786, "retailPrice": 1100.40}
  ],
  "validations": {
    "allProductsInserted": true,
    "partNumbersSequential": true,
    "vendorSkusPopulated": true,
    "pricingCorrect": true,
    "categoryConsistent": true,
    "soldAsPairs": true
  },
  "notes": "Forks sold as pairs. Pricing reflects pair cost with 40% markup. Vendor SKUs stored for internal ordering."
}

